<?xml version="1.0" encoding="UTF-8"?>
<testsuite name="TestScreen" tests="2" skipped="0" failures="0" errors="0" timestamp="2018-04-28T20:49:26" hostname="OFF-PC" time="0.178">
  <properties/>
  <testcase name="testGrabFindRect" classname="TestScreen" time="0.092"/>
  <testcase name="testGrabFind" classname="TestScreen" time="0.086"/>
  <system-out><![CDATA[]]></system-out>
  <system-err><![CDATA[]]></system-err>
</testsuite>
